{"numFailedTestSuites":1,"numFailedTests":4,"numPassedTestSuites":1,"numPassedTests":3,"numPendingTestSuites":0,"numPendingTests":0,"numRuntimeErrorTestSuites":0,"numTodoTests":0,"numTotalTestSuites":2,"numTotalTests":7,"openHandles":[],"snapshot":{"added":0,"didUpdate":false,"failure":false,"filesAdded":0,"filesRemoved":0,"filesRemovedList":[],"filesUnmatched":0,"filesUpdated":0,"matched":0,"total":0,"unchecked":0,"uncheckedKeysByFile":[],"unmatched":0,"updated":0},"startTime":1757643745660,"success":false,"testResults":[{"assertionResults":[{"ancestorTitles":["ThemeToggle Component"],"duration":505,"failing":false,"failureDetails":[],"failureMessages":[],"fullName":"ThemeToggle Component should render the toggle button","invocations":1,"location":null,"numPassingAsserts":1,"retryReasons":[],"startAt":1757643748595,"status":"passed","title":"should render the toggle button"},{"ancestorTitles":["ThemeToggle Component"],"duration":167,"failing":false,"failureDetails":[{"name":"TestingLibraryElementError"}],"failureMessages":["TestingLibraryElementError: Unable to find an element with the text: /(?:الوضع الفاتح|light)/i. This could be because the text is broken up by multiple elements. In this case, you can provide a function for your text matcher to make your matcher more flexible.\n\nIgnored nodes: comments, script, style\n\u001b[36m<body>\u001b[39m\n  \u001b[36m<div>\u001b[39m\n    \u001b[36m<button\u001b[39m\n      \u001b[33maria-expanded\u001b[39m=\u001b[32m\"false\"\u001b[39m\n      \u001b[33maria-haspopup\u001b[39m=\u001b[32m\"menu\"\u001b[39m\n      \u001b[33mclass\u001b[39m=\u001b[32m\"inline-flex items-center justify-center whitespace-nowrap text-sm font-medium ring-offset-background transition-colors focus-visible:outline-none focus-visible:ring-2 focus-visible:ring-ring focus-visible:ring-offset-2 disabled:pointer-events-none disabled:opacity-50 hover:bg-accent hover:text-accent-foreground h-9 w-9 relative rounded-full\"\u001b[39m\n      \u001b[33mdata-state\u001b[39m=\u001b[32m\"closed\"\u001b[39m\n      \u001b[33mid\u001b[39m=\u001b[32m\"radix-:r2:\"\u001b[39m\n      \u001b[33mtype\u001b[39m=\u001b[32m\"button\"\u001b[39m\n    \u001b[36m>\u001b[39m\n      \u001b[36m<svg\u001b[39m\n        \u001b[33maria-hidden\u001b[39m=\u001b[32m\"true\"\u001b[39m\n        \u001b[33mclass\u001b[39m=\u001b[32m\"lucide lucide-sun h-5 w-5 rotate-0 scale-100 transition-all dark:-rotate-90 dark:scale-0\"\u001b[39m\n        \u001b[33mfill\u001b[39m=\u001b[32m\"none\"\u001b[39m\n        \u001b[33mheight\u001b[39m=\u001b[32m\"24\"\u001b[39m\n        \u001b[33mstroke\u001b[39m=\u001b[32m\"currentColor\"\u001b[39m\n        \u001b[33mstroke-linecap\u001b[39m=\u001b[32m\"round\"\u001b[39m\n        \u001b[33mstroke-linejoin\u001b[39m=\u001b[32m\"round\"\u001b[39m\n        \u001b[33mstroke-width\u001b[39m=\u001b[32m\"2\"\u001b[39m\n        \u001b[33mviewBox\u001b[39m=\u001b[32m\"0 0 24 24\"\u001b[39m\n        \u001b[33mwidth\u001b[39m=\u001b[32m\"24\"\u001b[39m\n        \u001b[33mxmlns\u001b[39m=\u001b[32m\"http://www.w3.org/2000/svg\"\u001b[39m\n      \u001b[36m>\u001b[39m\n        \u001b[36m<circle\u001b[39m\n          \u001b[33mcx\u001b[39m=\u001b[32m\"12\"\u001b[39m\n          \u001b[33mcy\u001b[39m=\u001b[32m\"12\"\u001b[39m\n          \u001b[33mr\u001b[39m=\u001b[32m\"4\"\u001b[39m\n        \u001b[36m/>\u001b[39m\n        \u001b[36m<path\u001b[39m\n          \u001b[33md\u001b[39m=\u001b[32m\"M12 2v2\"\u001b[39m\n        \u001b[36m/>\u001b[39m\n        \u001b[36m<path\u001b[39m\n          \u001b[33md\u001b[39m=\u001b[32m\"M12 20v2\"\u001b[39m\n        \u001b[36m/>\u001b[39m\n        \u001b[36m<path\u001b[39m\n          \u001b[33md\u001b[39m=\u001b[32m\"m4.93 4.93 1.41 1.41\"\u001b[39m\n        \u001b[36m/>\u001b[39m\n        \u001b[36m<path\u001b[39m\n          \u001b[33md\u001b[39m=\u001b[32m\"m17.66 17.66 1.41 1.41\"\u001b[39m\n        \u001b[36m/>\u001b[39m\n        \u001b[36m<path\u001b[39m\n          \u001b[33md\u001b[39m=\u001b[32m\"M2 12h2\"\u001b[39m\n        \u001b[36m/>\u001b[39m\n        \u001b[36m<path\u001b[39m\n          \u001b[33md\u001b[39m=\u001b[32m\"M20 12h2\"\u001b[39m\n        \u001b[36m/>\u001b[39m\n        \u001b[36m<path\u001b[39m\n          \u001b[33md\u001b[39m=\u001b[32m\"m6.34 17.66-1.41 1.41\"\u001b[39m\n        \u001b[36m/>\u001b[39m\n        \u001b[36m<path\u001b[39m\n          \u001b[33md\u001b[39m=\u001b[32m\"m19.07 4.93-1.41 1.41\"\u001b[39m\n        \u001b[36m/>\u001b[39m\n      \u001b[36m</svg>\u001b[39m\n      \u001b[36m<svg\u001b[39m\n        \u001b[33maria-hidden\u001b[39m=\u001b[32m\"true\"\u001b[39m\n        \u001b[33mclass\u001b[39m=\u001b[32m\"lucide lucide-moon absolute h-5 w-5 rotate-90 scale-0 transition-all dark:rotate-0 dark:scale-100\"\u001b[39m\n        \u001b[33mfill\u001b[39m=\u001b[32m\"none\"\u001b[39m\n        \u001b[33mheight\u001b[39m=\u001b[32m\"24\"\u001b[39m\n        \u001b[33mstroke\u001b[39m=\u001b[32m\"currentColor\"\u001b[39m\n        \u001b[33mstroke-linecap\u001b[39m=\u001b[32m\"round\"\u001b[39m\n        \u001b[33mstroke-linejoin\u001b[39m=\u001b[32m\"round\"\u001b[39m\n        \u001b[33mstroke-width\u001b[39m=\u001b[32m\"2\"\u001b[39m\n        \u001b[33mviewBox\u001b[39m=\u001b[32m\"0 0 24 24\"\u001b[39m\n        \u001b[33mwidth\u001b[39m=\u001b[32m\"24\"\u001b[39m\n        \u001b[33mxmlns\u001b[39m=\u001b[32m\"http://www.w3.org/2000/svg\"\u001b[39m\n      \u001b[36m>\u001b[39m\n        \u001b[36m<path\u001b[39m\n          \u001b[33md\u001b[39m=\u001b[32m\"M20.985 12.486a9 9 0 1 1-9.473-9.472c.405-.022.617.46.402.803a6 6 0 0 0 8.268 8.268c.344-.215.825-.004.803.401\"\u001b[39m\n        \u001b[36m/>\u001b[39m\n      \u001b[36m</svg>\u001b[39m\n      \u001b[36m<span\u001b[39m\n        \u001b[33mclass\u001b[39m=\u001b[32m\"sr-only\"\u001b[39m\n      \u001b[36m>\u001b[39m\n        \u001b[0mتبديل السمة\u001b[0m\n      \u001b[36m</span>\u001b[39m\n    \u001b[36m</button>\u001b[39m\n  \u001b[36m</div>\u001b[39m\n\u001b[36m</body>\u001b[39m\n    at Object.getElementError (C:\\Users\\main\\CascadeProjects\\shopixo\\node_modules\\@testing-library\\dom\\dist\\config.js:37:19)\n    at C:\\Users\\main\\CascadeProjects\\shopixo\\node_modules\\@testing-library\\dom\\dist\\query-helpers.js:76:38\n    at C:\\Users\\main\\CascadeProjects\\shopixo\\node_modules\\@testing-library\\dom\\dist\\query-helpers.js:52:17\n    at C:\\Users\\main\\CascadeProjects\\shopixo\\node_modules\\@testing-library\\dom\\dist\\query-helpers.js:95:19\n    at Object.getByText (C:\\Users\\main\\CascadeProjects\\shopixo\\src\\components\\__tests__\\theme-toggle.test.tsx:35:19)\n    at Promise.finally.completed (C:\\Users\\main\\CascadeProjects\\shopixo\\node_modules\\jest-circus\\build\\jestAdapterInit.js:1556:28)\n    at new Promise (<anonymous>)\n    at callAsyncCircusFn (C:\\Users\\main\\CascadeProjects\\shopixo\\node_modules\\jest-circus\\build\\jestAdapterInit.js:1496:10)\n    at _callCircusTest (C:\\Users\\main\\CascadeProjects\\shopixo\\node_modules\\jest-circus\\build\\jestAdapterInit.js:1006:40)\n    at _runTest (C:\\Users\\main\\CascadeProjects\\shopixo\\node_modules\\jest-circus\\build\\jestAdapterInit.js:946:3)\n    at _runTestsForDescribeBlock (C:\\Users\\main\\CascadeProjects\\shopixo\\node_modules\\jest-circus\\build\\jestAdapterInit.js:839:13)\n    at _runTestsForDescribeBlock (C:\\Users\\main\\CascadeProjects\\shopixo\\node_modules\\jest-circus\\build\\jestAdapterInit.js:829:11)\n    at run (C:\\Users\\main\\CascadeProjects\\shopixo\\node_modules\\jest-circus\\build\\jestAdapterInit.js:757:3)\n    at runAndTransformResultsToJestFormat (C:\\Users\\main\\CascadeProjects\\shopixo\\node_modules\\jest-circus\\build\\jestAdapterInit.js:1917:21)\n    at jestAdapter (C:\\Users\\main\\CascadeProjects\\shopixo\\node_modules\\jest-circus\\build\\runner.js:101:19)\n    at runTestInternal (C:\\Users\\main\\CascadeProjects\\shopixo\\node_modules\\jest-runner\\build\\index.js:275:16)\n    at runTest (C:\\Users\\main\\CascadeProjects\\shopixo\\node_modules\\jest-runner\\build\\index.js:343:7)"],"fullName":"ThemeToggle Component should open the dropdown and show theme options on click","invocations":1,"location":null,"numPassingAsserts":0,"retryReasons":[],"startAt":1757643749102,"status":"failed","title":"should open the dropdown and show theme options on click"},{"ancestorTitles":["ThemeToggle Component"],"duration":87,"failing":false,"failureDetails":[{"name":"TestingLibraryElementError"}],"failureMessages":["TestingLibraryElementError: Unable to find an element with the text: /(?:الوضع الفاتح|light)/i. This could be because the text is broken up by multiple elements. In this case, you can provide a function for your text matcher to make your matcher more flexible.\n\nIgnored nodes: comments, script, style\n\u001b[36m<body>\u001b[39m\n  \u001b[36m<div>\u001b[39m\n    \u001b[36m<button\u001b[39m\n      \u001b[33maria-expanded\u001b[39m=\u001b[32m\"false\"\u001b[39m\n      \u001b[33maria-haspopup\u001b[39m=\u001b[32m\"menu\"\u001b[39m\n      \u001b[33mclass\u001b[39m=\u001b[32m\"inline-flex items-center justify-center whitespace-nowrap text-sm font-medium ring-offset-background transition-colors focus-visible:outline-none focus-visible:ring-2 focus-visible:ring-ring focus-visible:ring-offset-2 disabled:pointer-events-none disabled:opacity-50 hover:bg-accent hover:text-accent-foreground h-9 w-9 relative rounded-full\"\u001b[39m\n      \u001b[33mdata-state\u001b[39m=\u001b[32m\"closed\"\u001b[39m\n      \u001b[33mid\u001b[39m=\u001b[32m\"radix-:r4:\"\u001b[39m\n      \u001b[33mtype\u001b[39m=\u001b[32m\"button\"\u001b[39m\n    \u001b[36m>\u001b[39m\n      \u001b[36m<svg\u001b[39m\n        \u001b[33maria-hidden\u001b[39m=\u001b[32m\"true\"\u001b[39m\n        \u001b[33mclass\u001b[39m=\u001b[32m\"lucide lucide-sun h-5 w-5 rotate-0 scale-100 transition-all dark:-rotate-90 dark:scale-0\"\u001b[39m\n        \u001b[33mfill\u001b[39m=\u001b[32m\"none\"\u001b[39m\n        \u001b[33mheight\u001b[39m=\u001b[32m\"24\"\u001b[39m\n        \u001b[33mstroke\u001b[39m=\u001b[32m\"currentColor\"\u001b[39m\n        \u001b[33mstroke-linecap\u001b[39m=\u001b[32m\"round\"\u001b[39m\n        \u001b[33mstroke-linejoin\u001b[39m=\u001b[32m\"round\"\u001b[39m\n        \u001b[33mstroke-width\u001b[39m=\u001b[32m\"2\"\u001b[39m\n        \u001b[33mviewBox\u001b[39m=\u001b[32m\"0 0 24 24\"\u001b[39m\n        \u001b[33mwidth\u001b[39m=\u001b[32m\"24\"\u001b[39m\n        \u001b[33mxmlns\u001b[39m=\u001b[32m\"http://www.w3.org/2000/svg\"\u001b[39m\n      \u001b[36m>\u001b[39m\n        \u001b[36m<circle\u001b[39m\n          \u001b[33mcx\u001b[39m=\u001b[32m\"12\"\u001b[39m\n          \u001b[33mcy\u001b[39m=\u001b[32m\"12\"\u001b[39m\n          \u001b[33mr\u001b[39m=\u001b[32m\"4\"\u001b[39m\n        \u001b[36m/>\u001b[39m\n        \u001b[36m<path\u001b[39m\n          \u001b[33md\u001b[39m=\u001b[32m\"M12 2v2\"\u001b[39m\n        \u001b[36m/>\u001b[39m\n        \u001b[36m<path\u001b[39m\n          \u001b[33md\u001b[39m=\u001b[32m\"M12 20v2\"\u001b[39m\n        \u001b[36m/>\u001b[39m\n        \u001b[36m<path\u001b[39m\n          \u001b[33md\u001b[39m=\u001b[32m\"m4.93 4.93 1.41 1.41\"\u001b[39m\n        \u001b[36m/>\u001b[39m\n        \u001b[36m<path\u001b[39m\n          \u001b[33md\u001b[39m=\u001b[32m\"m17.66 17.66 1.41 1.41\"\u001b[39m\n        \u001b[36m/>\u001b[39m\n        \u001b[36m<path\u001b[39m\n          \u001b[33md\u001b[39m=\u001b[32m\"M2 12h2\"\u001b[39m\n        \u001b[36m/>\u001b[39m\n        \u001b[36m<path\u001b[39m\n          \u001b[33md\u001b[39m=\u001b[32m\"M20 12h2\"\u001b[39m\n        \u001b[36m/>\u001b[39m\n        \u001b[36m<path\u001b[39m\n          \u001b[33md\u001b[39m=\u001b[32m\"m6.34 17.66-1.41 1.41\"\u001b[39m\n        \u001b[36m/>\u001b[39m\n        \u001b[36m<path\u001b[39m\n          \u001b[33md\u001b[39m=\u001b[32m\"m19.07 4.93-1.41 1.41\"\u001b[39m\n        \u001b[36m/>\u001b[39m\n      \u001b[36m</svg>\u001b[39m\n      \u001b[36m<svg\u001b[39m\n        \u001b[33maria-hidden\u001b[39m=\u001b[32m\"true\"\u001b[39m\n        \u001b[33mclass\u001b[39m=\u001b[32m\"lucide lucide-moon absolute h-5 w-5 rotate-90 scale-0 transition-all dark:rotate-0 dark:scale-100\"\u001b[39m\n        \u001b[33mfill\u001b[39m=\u001b[32m\"none\"\u001b[39m\n        \u001b[33mheight\u001b[39m=\u001b[32m\"24\"\u001b[39m\n        \u001b[33mstroke\u001b[39m=\u001b[32m\"currentColor\"\u001b[39m\n        \u001b[33mstroke-linecap\u001b[39m=\u001b[32m\"round\"\u001b[39m\n        \u001b[33mstroke-linejoin\u001b[39m=\u001b[32m\"round\"\u001b[39m\n        \u001b[33mstroke-width\u001b[39m=\u001b[32m\"2\"\u001b[39m\n        \u001b[33mviewBox\u001b[39m=\u001b[32m\"0 0 24 24\"\u001b[39m\n        \u001b[33mwidth\u001b[39m=\u001b[32m\"24\"\u001b[39m\n        \u001b[33mxmlns\u001b[39m=\u001b[32m\"http://www.w3.org/2000/svg\"\u001b[39m\n      \u001b[36m>\u001b[39m\n        \u001b[36m<path\u001b[39m\n          \u001b[33md\u001b[39m=\u001b[32m\"M20.985 12.486a9 9 0 1 1-9.473-9.472c.405-.022.617.46.402.803a6 6 0 0 0 8.268 8.268c.344-.215.825-.004.803.401\"\u001b[39m\n        \u001b[36m/>\u001b[39m\n      \u001b[36m</svg>\u001b[39m\n      \u001b[36m<span\u001b[39m\n        \u001b[33mclass\u001b[39m=\u001b[32m\"sr-only\"\u001b[39m\n      \u001b[36m>\u001b[39m\n        \u001b[0mتبديل السمة\u001b[0m\n      \u001b[36m</span>\u001b[39m\n    \u001b[36m</button>\u001b[39m\n  \u001b[36m</div>\u001b[39m\n\u001b[36m</body>\u001b[39m\n    at Object.getElementError (C:\\Users\\main\\CascadeProjects\\shopixo\\node_modules\\@testing-library\\dom\\dist\\config.js:37:19)\n    at C:\\Users\\main\\CascadeProjects\\shopixo\\node_modules\\@testing-library\\dom\\dist\\query-helpers.js:76:38\n    at C:\\Users\\main\\CascadeProjects\\shopixo\\node_modules\\@testing-library\\dom\\dist\\query-helpers.js:52:17\n    at C:\\Users\\main\\CascadeProjects\\shopixo\\node_modules\\@testing-library\\dom\\dist\\query-helpers.js:95:19\n    at Object.getByText (C:\\Users\\main\\CascadeProjects\\shopixo\\src\\components\\__tests__\\theme-toggle.test.tsx:43:28)\n    at Promise.finally.completed (C:\\Users\\main\\CascadeProjects\\shopixo\\node_modules\\jest-circus\\build\\jestAdapterInit.js:1556:28)\n    at new Promise (<anonymous>)\n    at callAsyncCircusFn (C:\\Users\\main\\CascadeProjects\\shopixo\\node_modules\\jest-circus\\build\\jestAdapterInit.js:1496:10)\n    at _callCircusTest (C:\\Users\\main\\CascadeProjects\\shopixo\\node_modules\\jest-circus\\build\\jestAdapterInit.js:1006:40)\n    at _runTest (C:\\Users\\main\\CascadeProjects\\shopixo\\node_modules\\jest-circus\\build\\jestAdapterInit.js:946:3)\n    at _runTestsForDescribeBlock (C:\\Users\\main\\CascadeProjects\\shopixo\\node_modules\\jest-circus\\build\\jestAdapterInit.js:839:13)\n    at _runTestsForDescribeBlock (C:\\Users\\main\\CascadeProjects\\shopixo\\node_modules\\jest-circus\\build\\jestAdapterInit.js:829:11)\n    at run (C:\\Users\\main\\CascadeProjects\\shopixo\\node_modules\\jest-circus\\build\\jestAdapterInit.js:757:3)\n    at runAndTransformResultsToJestFormat (C:\\Users\\main\\CascadeProjects\\shopixo\\node_modules\\jest-circus\\build\\jestAdapterInit.js:1917:21)\n    at jestAdapter (C:\\Users\\main\\CascadeProjects\\shopixo\\node_modules\\jest-circus\\build\\runner.js:101:19)\n    at runTestInternal (C:\\Users\\main\\CascadeProjects\\shopixo\\node_modules\\jest-runner\\build\\index.js:275:16)\n    at runTest (C:\\Users\\main\\CascadeProjects\\shopixo\\node_modules\\jest-runner\\build\\index.js:343:7)"],"fullName":"ThemeToggle Component should call setTheme with \"light\" when light option is clicked","invocations":1,"location":null,"numPassingAsserts":0,"retryReasons":[],"startAt":1757643749275,"status":"failed","title":"should call setTheme with \"light\" when light option is clicked"},{"ancestorTitles":["ThemeToggle Component"],"duration":86,"failing":false,"failureDetails":[{"name":"TestingLibraryElementError"}],"failureMessages":["TestingLibraryElementError: Unable to find an element with the text: /(?:الوضع الداكن|dark)/i. This could be because the text is broken up by multiple elements. In this case, you can provide a function for your text matcher to make your matcher more flexible.\n\nIgnored nodes: comments, script, style\n\u001b[36m<body>\u001b[39m\n  \u001b[36m<div>\u001b[39m\n    \u001b[36m<button\u001b[39m\n      \u001b[33maria-expanded\u001b[39m=\u001b[32m\"false\"\u001b[39m\n      \u001b[33maria-haspopup\u001b[39m=\u001b[32m\"menu\"\u001b[39m\n      \u001b[33mclass\u001b[39m=\u001b[32m\"inline-flex items-center justify-center whitespace-nowrap text-sm font-medium ring-offset-background transition-colors focus-visible:outline-none focus-visible:ring-2 focus-visible:ring-ring focus-visible:ring-offset-2 disabled:pointer-events-none disabled:opacity-50 hover:bg-accent hover:text-accent-foreground h-9 w-9 relative rounded-full\"\u001b[39m\n      \u001b[33mdata-state\u001b[39m=\u001b[32m\"closed\"\u001b[39m\n      \u001b[33mid\u001b[39m=\u001b[32m\"radix-:r6:\"\u001b[39m\n      \u001b[33mtype\u001b[39m=\u001b[32m\"button\"\u001b[39m\n    \u001b[36m>\u001b[39m\n      \u001b[36m<svg\u001b[39m\n        \u001b[33maria-hidden\u001b[39m=\u001b[32m\"true\"\u001b[39m\n        \u001b[33mclass\u001b[39m=\u001b[32m\"lucide lucide-sun h-5 w-5 rotate-0 scale-100 transition-all dark:-rotate-90 dark:scale-0\"\u001b[39m\n        \u001b[33mfill\u001b[39m=\u001b[32m\"none\"\u001b[39m\n        \u001b[33mheight\u001b[39m=\u001b[32m\"24\"\u001b[39m\n        \u001b[33mstroke\u001b[39m=\u001b[32m\"currentColor\"\u001b[39m\n        \u001b[33mstroke-linecap\u001b[39m=\u001b[32m\"round\"\u001b[39m\n        \u001b[33mstroke-linejoin\u001b[39m=\u001b[32m\"round\"\u001b[39m\n        \u001b[33mstroke-width\u001b[39m=\u001b[32m\"2\"\u001b[39m\n        \u001b[33mviewBox\u001b[39m=\u001b[32m\"0 0 24 24\"\u001b[39m\n        \u001b[33mwidth\u001b[39m=\u001b[32m\"24\"\u001b[39m\n        \u001b[33mxmlns\u001b[39m=\u001b[32m\"http://www.w3.org/2000/svg\"\u001b[39m\n      \u001b[36m>\u001b[39m\n        \u001b[36m<circle\u001b[39m\n          \u001b[33mcx\u001b[39m=\u001b[32m\"12\"\u001b[39m\n          \u001b[33mcy\u001b[39m=\u001b[32m\"12\"\u001b[39m\n          \u001b[33mr\u001b[39m=\u001b[32m\"4\"\u001b[39m\n        \u001b[36m/>\u001b[39m\n        \u001b[36m<path\u001b[39m\n          \u001b[33md\u001b[39m=\u001b[32m\"M12 2v2\"\u001b[39m\n        \u001b[36m/>\u001b[39m\n        \u001b[36m<path\u001b[39m\n          \u001b[33md\u001b[39m=\u001b[32m\"M12 20v2\"\u001b[39m\n        \u001b[36m/>\u001b[39m\n        \u001b[36m<path\u001b[39m\n          \u001b[33md\u001b[39m=\u001b[32m\"m4.93 4.93 1.41 1.41\"\u001b[39m\n        \u001b[36m/>\u001b[39m\n        \u001b[36m<path\u001b[39m\n          \u001b[33md\u001b[39m=\u001b[32m\"m17.66 17.66 1.41 1.41\"\u001b[39m\n        \u001b[36m/>\u001b[39m\n        \u001b[36m<path\u001b[39m\n          \u001b[33md\u001b[39m=\u001b[32m\"M2 12h2\"\u001b[39m\n        \u001b[36m/>\u001b[39m\n        \u001b[36m<path\u001b[39m\n          \u001b[33md\u001b[39m=\u001b[32m\"M20 12h2\"\u001b[39m\n        \u001b[36m/>\u001b[39m\n        \u001b[36m<path\u001b[39m\n          \u001b[33md\u001b[39m=\u001b[32m\"m6.34 17.66-1.41 1.41\"\u001b[39m\n        \u001b[36m/>\u001b[39m\n        \u001b[36m<path\u001b[39m\n          \u001b[33md\u001b[39m=\u001b[32m\"m19.07 4.93-1.41 1.41\"\u001b[39m\n        \u001b[36m/>\u001b[39m\n      \u001b[36m</svg>\u001b[39m\n      \u001b[36m<svg\u001b[39m\n        \u001b[33maria-hidden\u001b[39m=\u001b[32m\"true\"\u001b[39m\n        \u001b[33mclass\u001b[39m=\u001b[32m\"lucide lucide-moon absolute h-5 w-5 rotate-90 scale-0 transition-all dark:rotate-0 dark:scale-100\"\u001b[39m\n        \u001b[33mfill\u001b[39m=\u001b[32m\"none\"\u001b[39m\n        \u001b[33mheight\u001b[39m=\u001b[32m\"24\"\u001b[39m\n        \u001b[33mstroke\u001b[39m=\u001b[32m\"currentColor\"\u001b[39m\n        \u001b[33mstroke-linecap\u001b[39m=\u001b[32m\"round\"\u001b[39m\n        \u001b[33mstroke-linejoin\u001b[39m=\u001b[32m\"round\"\u001b[39m\n        \u001b[33mstroke-width\u001b[39m=\u001b[32m\"2\"\u001b[39m\n        \u001b[33mviewBox\u001b[39m=\u001b[32m\"0 0 24 24\"\u001b[39m\n        \u001b[33mwidth\u001b[39m=\u001b[32m\"24\"\u001b[39m\n        \u001b[33mxmlns\u001b[39m=\u001b[32m\"http://www.w3.org/2000/svg\"\u001b[39m\n      \u001b[36m>\u001b[39m\n        \u001b[36m<path\u001b[39m\n          \u001b[33md\u001b[39m=\u001b[32m\"M20.985 12.486a9 9 0 1 1-9.473-9.472c.405-.022.617.46.402.803a6 6 0 0 0 8.268 8.268c.344-.215.825-.004.803.401\"\u001b[39m\n        \u001b[36m/>\u001b[39m\n      \u001b[36m</svg>\u001b[39m\n      \u001b[36m<span\u001b[39m\n        \u001b[33mclass\u001b[39m=\u001b[32m\"sr-only\"\u001b[39m\n      \u001b[36m>\u001b[39m\n        \u001b[0mتبديل السمة\u001b[0m\n      \u001b[36m</span>\u001b[39m\n    \u001b[36m</button>\u001b[39m\n  \u001b[36m</div>\u001b[39m\n\u001b[36m</body>\u001b[39m\n    at Object.getElementError (C:\\Users\\main\\CascadeProjects\\shopixo\\node_modules\\@testing-library\\dom\\dist\\config.js:37:19)\n    at C:\\Users\\main\\CascadeProjects\\shopixo\\node_modules\\@testing-library\\dom\\dist\\query-helpers.js:76:38\n    at C:\\Users\\main\\CascadeProjects\\shopixo\\node_modules\\@testing-library\\dom\\dist\\query-helpers.js:52:17\n    at C:\\Users\\main\\CascadeProjects\\shopixo\\node_modules\\@testing-library\\dom\\dist\\query-helpers.js:95:19\n    at Object.getByText (C:\\Users\\main\\CascadeProjects\\shopixo\\src\\components\\__tests__\\theme-toggle.test.tsx:51:28)\n    at Promise.finally.completed (C:\\Users\\main\\CascadeProjects\\shopixo\\node_modules\\jest-circus\\build\\jestAdapterInit.js:1556:28)\n    at new Promise (<anonymous>)\n    at callAsyncCircusFn (C:\\Users\\main\\CascadeProjects\\shopixo\\node_modules\\jest-circus\\build\\jestAdapterInit.js:1496:10)\n    at _callCircusTest (C:\\Users\\main\\CascadeProjects\\shopixo\\node_modules\\jest-circus\\build\\jestAdapterInit.js:1006:40)\n    at _runTest (C:\\Users\\main\\CascadeProjects\\shopixo\\node_modules\\jest-circus\\build\\jestAdapterInit.js:946:3)\n    at _runTestsForDescribeBlock (C:\\Users\\main\\CascadeProjects\\shopixo\\node_modules\\jest-circus\\build\\jestAdapterInit.js:839:13)\n    at _runTestsForDescribeBlock (C:\\Users\\main\\CascadeProjects\\shopixo\\node_modules\\jest-circus\\build\\jestAdapterInit.js:829:11)\n    at run (C:\\Users\\main\\CascadeProjects\\shopixo\\node_modules\\jest-circus\\build\\jestAdapterInit.js:757:3)\n    at runAndTransformResultsToJestFormat (C:\\Users\\main\\CascadeProjects\\shopixo\\node_modules\\jest-circus\\build\\jestAdapterInit.js:1917:21)\n    at jestAdapter (C:\\Users\\main\\CascadeProjects\\shopixo\\node_modules\\jest-circus\\build\\runner.js:101:19)\n    at runTestInternal (C:\\Users\\main\\CascadeProjects\\shopixo\\node_modules\\jest-runner\\build\\index.js:275:16)\n    at runTest (C:\\Users\\main\\CascadeProjects\\shopixo\\node_modules\\jest-runner\\build\\index.js:343:7)"],"fullName":"ThemeToggle Component should call setTheme with \"dark\" when dark option is clicked","invocations":1,"location":null,"numPassingAsserts":0,"retryReasons":[],"startAt":1757643749364,"status":"failed","title":"should call setTheme with \"dark\" when dark option is clicked"},{"ancestorTitles":["ThemeToggle Component"],"duration":87,"failing":false,"failureDetails":[{"name":"TestingLibraryElementError"}],"failureMessages":["TestingLibraryElementError: Unable to find an element with the text: /(?:نظام الجهاز|system)/i. This could be because the text is broken up by multiple elements. In this case, you can provide a function for your text matcher to make your matcher more flexible.\n\nIgnored nodes: comments, script, style\n\u001b[36m<body>\u001b[39m\n  \u001b[36m<div>\u001b[39m\n    \u001b[36m<button\u001b[39m\n      \u001b[33maria-expanded\u001b[39m=\u001b[32m\"false\"\u001b[39m\n      \u001b[33maria-haspopup\u001b[39m=\u001b[32m\"menu\"\u001b[39m\n      \u001b[33mclass\u001b[39m=\u001b[32m\"inline-flex items-center justify-center whitespace-nowrap text-sm font-medium ring-offset-background transition-colors focus-visible:outline-none focus-visible:ring-2 focus-visible:ring-ring focus-visible:ring-offset-2 disabled:pointer-events-none disabled:opacity-50 hover:bg-accent hover:text-accent-foreground h-9 w-9 relative rounded-full\"\u001b[39m\n      \u001b[33mdata-state\u001b[39m=\u001b[32m\"closed\"\u001b[39m\n      \u001b[33mid\u001b[39m=\u001b[32m\"radix-:r8:\"\u001b[39m\n      \u001b[33mtype\u001b[39m=\u001b[32m\"button\"\u001b[39m\n    \u001b[36m>\u001b[39m\n      \u001b[36m<svg\u001b[39m\n        \u001b[33maria-hidden\u001b[39m=\u001b[32m\"true\"\u001b[39m\n        \u001b[33mclass\u001b[39m=\u001b[32m\"lucide lucide-sun h-5 w-5 rotate-0 scale-100 transition-all dark:-rotate-90 dark:scale-0\"\u001b[39m\n        \u001b[33mfill\u001b[39m=\u001b[32m\"none\"\u001b[39m\n        \u001b[33mheight\u001b[39m=\u001b[32m\"24\"\u001b[39m\n        \u001b[33mstroke\u001b[39m=\u001b[32m\"currentColor\"\u001b[39m\n        \u001b[33mstroke-linecap\u001b[39m=\u001b[32m\"round\"\u001b[39m\n        \u001b[33mstroke-linejoin\u001b[39m=\u001b[32m\"round\"\u001b[39m\n        \u001b[33mstroke-width\u001b[39m=\u001b[32m\"2\"\u001b[39m\n        \u001b[33mviewBox\u001b[39m=\u001b[32m\"0 0 24 24\"\u001b[39m\n        \u001b[33mwidth\u001b[39m=\u001b[32m\"24\"\u001b[39m\n        \u001b[33mxmlns\u001b[39m=\u001b[32m\"http://www.w3.org/2000/svg\"\u001b[39m\n      \u001b[36m>\u001b[39m\n        \u001b[36m<circle\u001b[39m\n          \u001b[33mcx\u001b[39m=\u001b[32m\"12\"\u001b[39m\n          \u001b[33mcy\u001b[39m=\u001b[32m\"12\"\u001b[39m\n          \u001b[33mr\u001b[39m=\u001b[32m\"4\"\u001b[39m\n        \u001b[36m/>\u001b[39m\n        \u001b[36m<path\u001b[39m\n          \u001b[33md\u001b[39m=\u001b[32m\"M12 2v2\"\u001b[39m\n        \u001b[36m/>\u001b[39m\n        \u001b[36m<path\u001b[39m\n          \u001b[33md\u001b[39m=\u001b[32m\"M12 20v2\"\u001b[39m\n        \u001b[36m/>\u001b[39m\n        \u001b[36m<path\u001b[39m\n          \u001b[33md\u001b[39m=\u001b[32m\"m4.93 4.93 1.41 1.41\"\u001b[39m\n        \u001b[36m/>\u001b[39m\n        \u001b[36m<path\u001b[39m\n          \u001b[33md\u001b[39m=\u001b[32m\"m17.66 17.66 1.41 1.41\"\u001b[39m\n        \u001b[36m/>\u001b[39m\n        \u001b[36m<path\u001b[39m\n          \u001b[33md\u001b[39m=\u001b[32m\"M2 12h2\"\u001b[39m\n        \u001b[36m/>\u001b[39m\n        \u001b[36m<path\u001b[39m\n          \u001b[33md\u001b[39m=\u001b[32m\"M20 12h2\"\u001b[39m\n        \u001b[36m/>\u001b[39m\n        \u001b[36m<path\u001b[39m\n          \u001b[33md\u001b[39m=\u001b[32m\"m6.34 17.66-1.41 1.41\"\u001b[39m\n        \u001b[36m/>\u001b[39m\n        \u001b[36m<path\u001b[39m\n          \u001b[33md\u001b[39m=\u001b[32m\"m19.07 4.93-1.41 1.41\"\u001b[39m\n        \u001b[36m/>\u001b[39m\n      \u001b[36m</svg>\u001b[39m\n      \u001b[36m<svg\u001b[39m\n        \u001b[33maria-hidden\u001b[39m=\u001b[32m\"true\"\u001b[39m\n        \u001b[33mclass\u001b[39m=\u001b[32m\"lucide lucide-moon absolute h-5 w-5 rotate-90 scale-0 transition-all dark:rotate-0 dark:scale-100\"\u001b[39m\n        \u001b[33mfill\u001b[39m=\u001b[32m\"none\"\u001b[39m\n        \u001b[33mheight\u001b[39m=\u001b[32m\"24\"\u001b[39m\n        \u001b[33mstroke\u001b[39m=\u001b[32m\"currentColor\"\u001b[39m\n        \u001b[33mstroke-linecap\u001b[39m=\u001b[32m\"round\"\u001b[39m\n        \u001b[33mstroke-linejoin\u001b[39m=\u001b[32m\"round\"\u001b[39m\n        \u001b[33mstroke-width\u001b[39m=\u001b[32m\"2\"\u001b[39m\n        \u001b[33mviewBox\u001b[39m=\u001b[32m\"0 0 24 24\"\u001b[39m\n        \u001b[33mwidth\u001b[39m=\u001b[32m\"24\"\u001b[39m\n        \u001b[33mxmlns\u001b[39m=\u001b[32m\"http://www.w3.org/2000/svg\"\u001b[39m\n      \u001b[36m>\u001b[39m\n        \u001b[36m<path\u001b[39m\n          \u001b[33md\u001b[39m=\u001b[32m\"M20.985 12.486a9 9 0 1 1-9.473-9.472c.405-.022.617.46.402.803a6 6 0 0 0 8.268 8.268c.344-.215.825-.004.803.401\"\u001b[39m\n        \u001b[36m/>\u001b[39m\n      \u001b[36m</svg>\u001b[39m\n      \u001b[36m<span\u001b[39m\n        \u001b[33mclass\u001b[39m=\u001b[32m\"sr-only\"\u001b[39m\n      \u001b[36m>\u001b[39m\n        \u001b[0mتبديل السمة\u001b[0m\n      \u001b[36m</span>\u001b[39m\n    \u001b[36m</button>\u001b[39m\n  \u001b[36m</div>\u001b[39m\n\u001b[36m</body>\u001b[39m\n    at Object.getElementError (C:\\Users\\main\\CascadeProjects\\shopixo\\node_modules\\@testing-library\\dom\\dist\\config.js:37:19)\n    at C:\\Users\\main\\CascadeProjects\\shopixo\\node_modules\\@testing-library\\dom\\dist\\query-helpers.js:76:38\n    at C:\\Users\\main\\CascadeProjects\\shopixo\\node_modules\\@testing-library\\dom\\dist\\query-helpers.js:52:17\n    at C:\\Users\\main\\CascadeProjects\\shopixo\\node_modules\\@testing-library\\dom\\dist\\query-helpers.js:95:19\n    at Object.getByText (C:\\Users\\main\\CascadeProjects\\shopixo\\src\\components\\__tests__\\theme-toggle.test.tsx:59:28)\n    at Promise.finally.completed (C:\\Users\\main\\CascadeProjects\\shopixo\\node_modules\\jest-circus\\build\\jestAdapterInit.js:1556:28)\n    at new Promise (<anonymous>)\n    at callAsyncCircusFn (C:\\Users\\main\\CascadeProjects\\shopixo\\node_modules\\jest-circus\\build\\jestAdapterInit.js:1496:10)\n    at _callCircusTest (C:\\Users\\main\\CascadeProjects\\shopixo\\node_modules\\jest-circus\\build\\jestAdapterInit.js:1006:40)\n    at _runTest (C:\\Users\\main\\CascadeProjects\\shopixo\\node_modules\\jest-circus\\build\\jestAdapterInit.js:946:3)\n    at _runTestsForDescribeBlock (C:\\Users\\main\\CascadeProjects\\shopixo\\node_modules\\jest-circus\\build\\jestAdapterInit.js:839:13)\n    at _runTestsForDescribeBlock (C:\\Users\\main\\CascadeProjects\\shopixo\\node_modules\\jest-circus\\build\\jestAdapterInit.js:829:11)\n    at run (C:\\Users\\main\\CascadeProjects\\shopixo\\node_modules\\jest-circus\\build\\jestAdapterInit.js:757:3)\n    at runAndTransformResultsToJestFormat (C:\\Users\\main\\CascadeProjects\\shopixo\\node_modules\\jest-circus\\build\\jestAdapterInit.js:1917:21)\n    at jestAdapter (C:\\Users\\main\\CascadeProjects\\shopixo\\node_modules\\jest-circus\\build\\runner.js:101:19)\n    at runTestInternal (C:\\Users\\main\\CascadeProjects\\shopixo\\node_modules\\jest-runner\\build\\index.js:275:16)\n    at runTest (C:\\Users\\main\\CascadeProjects\\shopixo\\node_modules\\jest-runner\\build\\index.js:343:7)"],"fullName":"ThemeToggle Component should call setTheme with \"system\" when system option is clicked","invocations":1,"location":null,"numPassingAsserts":0,"retryReasons":[],"startAt":1757643749451,"status":"failed","title":"should call setTheme with \"system\" when system option is clicked"}],"endTime":1757643749606,"message":"\u001b[1m\u001b[31m  \u001b[1m● \u001b[22m\u001b[1mThemeToggle Component › should open the dropdown and show theme options on click\u001b[39m\u001b[22m\n\n    TestingLibraryElementError: Unable to find an element with the text: /(?:الوضع الفاتح|light)/i. This could be because the text is broken up by multiple elements. In this case, you can provide a function for your text matcher to make your matcher more flexible.\n\n    Ignored nodes: comments, script, style\n    \u001b[36m<body>\u001b[39m\n      \u001b[36m<div>\u001b[39m\n        \u001b[36m<button\u001b[39m\n          \u001b[33maria-expanded\u001b[39m=\u001b[32m\"false\"\u001b[39m\n          \u001b[33maria-haspopup\u001b[39m=\u001b[32m\"menu\"\u001b[39m\n          \u001b[33mclass\u001b[39m=\u001b[32m\"inline-flex items-center justify-center whitespace-nowrap text-sm font-medium ring-offset-background transition-colors focus-visible:outline-none focus-visible:ring-2 focus-visible:ring-ring focus-visible:ring-offset-2 disabled:pointer-events-none disabled:opacity-50 hover:bg-accent hover:text-accent-foreground h-9 w-9 relative rounded-full\"\u001b[39m\n          \u001b[33mdata-state\u001b[39m=\u001b[32m\"closed\"\u001b[39m\n          \u001b[33mid\u001b[39m=\u001b[32m\"radix-:r2:\"\u001b[39m\n          \u001b[33mtype\u001b[39m=\u001b[32m\"button\"\u001b[39m\n        \u001b[36m>\u001b[39m\n          \u001b[36m<svg\u001b[39m\n            \u001b[33maria-hidden\u001b[39m=\u001b[32m\"true\"\u001b[39m\n            \u001b[33mclass\u001b[39m=\u001b[32m\"lucide lucide-sun h-5 w-5 rotate-0 scale-100 transition-all dark:-rotate-90 dark:scale-0\"\u001b[39m\n            \u001b[33mfill\u001b[39m=\u001b[32m\"none\"\u001b[39m\n            \u001b[33mheight\u001b[39m=\u001b[32m\"24\"\u001b[39m\n            \u001b[33mstroke\u001b[39m=\u001b[32m\"currentColor\"\u001b[39m\n            \u001b[33mstroke-linecap\u001b[39m=\u001b[32m\"round\"\u001b[39m\n            \u001b[33mstroke-linejoin\u001b[39m=\u001b[32m\"round\"\u001b[39m\n            \u001b[33mstroke-width\u001b[39m=\u001b[32m\"2\"\u001b[39m\n            \u001b[33mviewBox\u001b[39m=\u001b[32m\"0 0 24 24\"\u001b[39m\n            \u001b[33mwidth\u001b[39m=\u001b[32m\"24\"\u001b[39m\n            \u001b[33mxmlns\u001b[39m=\u001b[32m\"http://www.w3.org/2000/svg\"\u001b[39m\n          \u001b[36m>\u001b[39m\n            \u001b[36m<circle\u001b[39m\n              \u001b[33mcx\u001b[39m=\u001b[32m\"12\"\u001b[39m\n              \u001b[33mcy\u001b[39m=\u001b[32m\"12\"\u001b[39m\n              \u001b[33mr\u001b[39m=\u001b[32m\"4\"\u001b[39m\n            \u001b[36m/>\u001b[39m\n            \u001b[36m<path\u001b[39m\n              \u001b[33md\u001b[39m=\u001b[32m\"M12 2v2\"\u001b[39m\n            \u001b[36m/>\u001b[39m\n            \u001b[36m<path\u001b[39m\n              \u001b[33md\u001b[39m=\u001b[32m\"M12 20v2\"\u001b[39m\n            \u001b[36m/>\u001b[39m\n            \u001b[36m<path\u001b[39m\n              \u001b[33md\u001b[39m=\u001b[32m\"m4.93 4.93 1.41 1.41\"\u001b[39m\n            \u001b[36m/>\u001b[39m\n            \u001b[36m<path\u001b[39m\n              \u001b[33md\u001b[39m=\u001b[32m\"m17.66 17.66 1.41 1.41\"\u001b[39m\n            \u001b[36m/>\u001b[39m\n            \u001b[36m<path\u001b[39m\n              \u001b[33md\u001b[39m=\u001b[32m\"M2 12h2\"\u001b[39m\n            \u001b[36m/>\u001b[39m\n            \u001b[36m<path\u001b[39m\n              \u001b[33md\u001b[39m=\u001b[32m\"M20 12h2\"\u001b[39m\n            \u001b[36m/>\u001b[39m\n            \u001b[36m<path\u001b[39m\n              \u001b[33md\u001b[39m=\u001b[32m\"m6.34 17.66-1.41 1.41\"\u001b[39m\n            \u001b[36m/>\u001b[39m\n            \u001b[36m<path\u001b[39m\n              \u001b[33md\u001b[39m=\u001b[32m\"m19.07 4.93-1.41 1.41\"\u001b[39m\n            \u001b[36m/>\u001b[39m\n          \u001b[36m</svg>\u001b[39m\n          \u001b[36m<svg\u001b[39m\n            \u001b[33maria-hidden\u001b[39m=\u001b[32m\"true\"\u001b[39m\n            \u001b[33mclass\u001b[39m=\u001b[32m\"lucide lucide-moon absolute h-5 w-5 rotate-90 scale-0 transition-all dark:rotate-0 dark:scale-100\"\u001b[39m\n            \u001b[33mfill\u001b[39m=\u001b[32m\"none\"\u001b[39m\n            \u001b[33mheight\u001b[39m=\u001b[32m\"24\"\u001b[39m\n            \u001b[33mstroke\u001b[39m=\u001b[32m\"currentColor\"\u001b[39m\n            \u001b[33mstroke-linecap\u001b[39m=\u001b[32m\"round\"\u001b[39m\n            \u001b[33mstroke-linejoin\u001b[39m=\u001b[32m\"round\"\u001b[39m\n            \u001b[33mstroke-width\u001b[39m=\u001b[32m\"2\"\u001b[39m\n            \u001b[33mviewBox\u001b[39m=\u001b[32m\"0 0 24 24\"\u001b[39m\n            \u001b[33mwidth\u001b[39m=\u001b[32m\"24\"\u001b[39m\n            \u001b[33mxmlns\u001b[39m=\u001b[32m\"http://www.w3.org/2000/svg\"\u001b[39m\n          \u001b[36m>\u001b[39m\n            \u001b[36m<path\u001b[39m\n              \u001b[33md\u001b[39m=\u001b[32m\"M20.985 12.486a9 9 0 1 1-9.473-9.472c.405-.022.617.46.402.803a6 6 0 0 0 8.268 8.268c.344-.215.825-.004.803.401\"\u001b[39m\n            \u001b[36m/>\u001b[39m\n          \u001b[36m</svg>\u001b[39m\n          \u001b[36m<span\u001b[39m\n            \u001b[33mclass\u001b[39m=\u001b[32m\"sr-only\"\u001b[39m\n          \u001b[36m>\u001b[39m\n            \u001b[0mتبديل السمة\u001b[0m\n          \u001b[36m</span>\u001b[39m\n        \u001b[36m</button>\u001b[39m\n      \u001b[36m</div>\u001b[39m\n    \u001b[36m</body>\u001b[39m\n\u001b[2m\u001b[22m\n\u001b[2m    \u001b[0m \u001b[90m 33 |\u001b[39m     fireEvent\u001b[33m.\u001b[39mclick(button)\u001b[22m\n\u001b[2m     \u001b[90m 34 |\u001b[39m\u001b[22m\n\u001b[2m    \u001b[31m\u001b[1m>\u001b[22m\u001b[2m\u001b[39m\u001b[90m 35 |\u001b[39m     expect(screen\u001b[33m.\u001b[39mgetByText(\u001b[35m/(?:الوضع الفاتح|light)/i\u001b[39m))\u001b[33m.\u001b[39mtoBeInTheDocument()\u001b[22m\n\u001b[2m     \u001b[90m    |\u001b[39m                   \u001b[31m\u001b[1m^\u001b[22m\u001b[2m\u001b[39m\u001b[22m\n\u001b[2m     \u001b[90m 36 |\u001b[39m     expect(screen\u001b[33m.\u001b[39mgetByText(\u001b[35m/(?:الوضع الداكن|dark)/i\u001b[39m))\u001b[33m.\u001b[39mtoBeInTheDocument()\u001b[22m\n\u001b[2m     \u001b[90m 37 |\u001b[39m     expect(screen\u001b[33m.\u001b[39mgetByText(\u001b[35m/(?:نظام الجهاز|system)/i\u001b[39m))\u001b[33m.\u001b[39mtoBeInTheDocument()\u001b[22m\n\u001b[2m     \u001b[90m 38 |\u001b[39m   })\u001b[0m\u001b[22m\n\u001b[2m\u001b[22m\n\u001b[2m      \u001b[2mat Object.getElementError (\u001b[22m\u001b[2mnode_modules/@testing-library/dom/dist/config.js\u001b[2m:37:19)\u001b[22m\u001b[2m\u001b[22m\n\u001b[2m      \u001b[2mat \u001b[22m\u001b[2mnode_modules/@testing-library/dom/dist/query-helpers.js\u001b[2m:76:38\u001b[22m\u001b[2m\u001b[22m\n\u001b[2m      \u001b[2mat \u001b[22m\u001b[2mnode_modules/@testing-library/dom/dist/query-helpers.js\u001b[2m:52:17\u001b[22m\u001b[2m\u001b[22m\n\u001b[2m      \u001b[2mat \u001b[22m\u001b[2mnode_modules/@testing-library/dom/dist/query-helpers.js\u001b[2m:95:19\u001b[22m\u001b[2m\u001b[22m\n\u001b[2m      \u001b[2mat Object.getByText (\u001b[22m\u001b[2m\u001b[0m\u001b[36msrc/components/__tests__/theme-toggle.test.tsx\u001b[39m\u001b[0m\u001b[2m:35:19)\u001b[22m\u001b[2m\u001b[22m\n\n\u001b[1m\u001b[31m  \u001b[1m● \u001b[22m\u001b[1mThemeToggle Component › should call setTheme with \"light\" when light option is clicked\u001b[39m\u001b[22m\n\n    TestingLibraryElementError: Unable to find an element with the text: /(?:الوضع الفاتح|light)/i. This could be because the text is broken up by multiple elements. In this case, you can provide a function for your text matcher to make your matcher more flexible.\n\n    Ignored nodes: comments, script, style\n    \u001b[36m<body>\u001b[39m\n      \u001b[36m<div>\u001b[39m\n        \u001b[36m<button\u001b[39m\n          \u001b[33maria-expanded\u001b[39m=\u001b[32m\"false\"\u001b[39m\n          \u001b[33maria-haspopup\u001b[39m=\u001b[32m\"menu\"\u001b[39m\n          \u001b[33mclass\u001b[39m=\u001b[32m\"inline-flex items-center justify-center whitespace-nowrap text-sm font-medium ring-offset-background transition-colors focus-visible:outline-none focus-visible:ring-2 focus-visible:ring-ring focus-visible:ring-offset-2 disabled:pointer-events-none disabled:opacity-50 hover:bg-accent hover:text-accent-foreground h-9 w-9 relative rounded-full\"\u001b[39m\n          \u001b[33mdata-state\u001b[39m=\u001b[32m\"closed\"\u001b[39m\n          \u001b[33mid\u001b[39m=\u001b[32m\"radix-:r4:\"\u001b[39m\n          \u001b[33mtype\u001b[39m=\u001b[32m\"button\"\u001b[39m\n        \u001b[36m>\u001b[39m\n          \u001b[36m<svg\u001b[39m\n            \u001b[33maria-hidden\u001b[39m=\u001b[32m\"true\"\u001b[39m\n            \u001b[33mclass\u001b[39m=\u001b[32m\"lucide lucide-sun h-5 w-5 rotate-0 scale-100 transition-all dark:-rotate-90 dark:scale-0\"\u001b[39m\n            \u001b[33mfill\u001b[39m=\u001b[32m\"none\"\u001b[39m\n            \u001b[33mheight\u001b[39m=\u001b[32m\"24\"\u001b[39m\n            \u001b[33mstroke\u001b[39m=\u001b[32m\"currentColor\"\u001b[39m\n            \u001b[33mstroke-linecap\u001b[39m=\u001b[32m\"round\"\u001b[39m\n            \u001b[33mstroke-linejoin\u001b[39m=\u001b[32m\"round\"\u001b[39m\n            \u001b[33mstroke-width\u001b[39m=\u001b[32m\"2\"\u001b[39m\n            \u001b[33mviewBox\u001b[39m=\u001b[32m\"0 0 24 24\"\u001b[39m\n            \u001b[33mwidth\u001b[39m=\u001b[32m\"24\"\u001b[39m\n            \u001b[33mxmlns\u001b[39m=\u001b[32m\"http://www.w3.org/2000/svg\"\u001b[39m\n          \u001b[36m>\u001b[39m\n            \u001b[36m<circle\u001b[39m\n              \u001b[33mcx\u001b[39m=\u001b[32m\"12\"\u001b[39m\n              \u001b[33mcy\u001b[39m=\u001b[32m\"12\"\u001b[39m\n              \u001b[33mr\u001b[39m=\u001b[32m\"4\"\u001b[39m\n            \u001b[36m/>\u001b[39m\n            \u001b[36m<path\u001b[39m\n              \u001b[33md\u001b[39m=\u001b[32m\"M12 2v2\"\u001b[39m\n            \u001b[36m/>\u001b[39m\n            \u001b[36m<path\u001b[39m\n              \u001b[33md\u001b[39m=\u001b[32m\"M12 20v2\"\u001b[39m\n            \u001b[36m/>\u001b[39m\n            \u001b[36m<path\u001b[39m\n              \u001b[33md\u001b[39m=\u001b[32m\"m4.93 4.93 1.41 1.41\"\u001b[39m\n            \u001b[36m/>\u001b[39m\n            \u001b[36m<path\u001b[39m\n              \u001b[33md\u001b[39m=\u001b[32m\"m17.66 17.66 1.41 1.41\"\u001b[39m\n            \u001b[36m/>\u001b[39m\n            \u001b[36m<path\u001b[39m\n              \u001b[33md\u001b[39m=\u001b[32m\"M2 12h2\"\u001b[39m\n            \u001b[36m/>\u001b[39m\n            \u001b[36m<path\u001b[39m\n              \u001b[33md\u001b[39m=\u001b[32m\"M20 12h2\"\u001b[39m\n            \u001b[36m/>\u001b[39m\n            \u001b[36m<path\u001b[39m\n              \u001b[33md\u001b[39m=\u001b[32m\"m6.34 17.66-1.41 1.41\"\u001b[39m\n            \u001b[36m/>\u001b[39m\n            \u001b[36m<path\u001b[39m\n              \u001b[33md\u001b[39m=\u001b[32m\"m19.07 4.93-1.41 1.41\"\u001b[39m\n            \u001b[36m/>\u001b[39m\n          \u001b[36m</svg>\u001b[39m\n          \u001b[36m<svg\u001b[39m\n            \u001b[33maria-hidden\u001b[39m=\u001b[32m\"true\"\u001b[39m\n            \u001b[33mclass\u001b[39m=\u001b[32m\"lucide lucide-moon absolute h-5 w-5 rotate-90 scale-0 transition-all dark:rotate-0 dark:scale-100\"\u001b[39m\n            \u001b[33mfill\u001b[39m=\u001b[32m\"none\"\u001b[39m\n            \u001b[33mheight\u001b[39m=\u001b[32m\"24\"\u001b[39m\n            \u001b[33mstroke\u001b[39m=\u001b[32m\"currentColor\"\u001b[39m\n            \u001b[33mstroke-linecap\u001b[39m=\u001b[32m\"round\"\u001b[39m\n            \u001b[33mstroke-linejoin\u001b[39m=\u001b[32m\"round\"\u001b[39m\n            \u001b[33mstroke-width\u001b[39m=\u001b[32m\"2\"\u001b[39m\n            \u001b[33mviewBox\u001b[39m=\u001b[32m\"0 0 24 24\"\u001b[39m\n            \u001b[33mwidth\u001b[39m=\u001b[32m\"24\"\u001b[39m\n            \u001b[33mxmlns\u001b[39m=\u001b[32m\"http://www.w3.org/2000/svg\"\u001b[39m\n          \u001b[36m>\u001b[39m\n            \u001b[36m<path\u001b[39m\n              \u001b[33md\u001b[39m=\u001b[32m\"M20.985 12.486a9 9 0 1 1-9.473-9.472c.405-.022.617.46.402.803a6 6 0 0 0 8.268 8.268c.344-.215.825-.004.803.401\"\u001b[39m\n            \u001b[36m/>\u001b[39m\n          \u001b[36m</svg>\u001b[39m\n          \u001b[36m<span\u001b[39m\n            \u001b[33mclass\u001b[39m=\u001b[32m\"sr-only\"\u001b[39m\n          \u001b[36m>\u001b[39m\n            \u001b[0mتبديل السمة\u001b[0m\n          \u001b[36m</span>\u001b[39m\n        \u001b[36m</button>\u001b[39m\n      \u001b[36m</div>\u001b[39m\n    \u001b[36m</body>\u001b[39m\n\u001b[2m\u001b[22m\n\u001b[2m    \u001b[0m \u001b[90m 41 |\u001b[39m     render(\u001b[33m<\u001b[39m\u001b[33mThemeToggle\u001b[39m \u001b[33m/\u001b[39m\u001b[33m>\u001b[39m)\u001b[22m\n\u001b[2m     \u001b[90m 42 |\u001b[39m     fireEvent\u001b[33m.\u001b[39mclick(screen\u001b[33m.\u001b[39mgetByRole(\u001b[32m'button'\u001b[39m\u001b[33m,\u001b[39m { name\u001b[33m:\u001b[39m \u001b[35m/(?:تبديل السمة|toggle theme)/i\u001b[39m }))\u001b[22m\n\u001b[2m    \u001b[31m\u001b[1m>\u001b[22m\u001b[2m\u001b[39m\u001b[90m 43 |\u001b[39m     fireEvent\u001b[33m.\u001b[39mclick(screen\u001b[33m.\u001b[39mgetByText(\u001b[35m/(?:الوضع الفاتح|light)/i\u001b[39m))\u001b[22m\n\u001b[2m     \u001b[90m    |\u001b[39m                            \u001b[31m\u001b[1m^\u001b[22m\u001b[2m\u001b[39m\u001b[22m\n\u001b[2m     \u001b[90m 44 |\u001b[39m\u001b[22m\n\u001b[2m     \u001b[90m 45 |\u001b[39m     expect(setTheme)\u001b[33m.\u001b[39mtoHaveBeenCalledWith(\u001b[32m'light'\u001b[39m)\u001b[22m\n\u001b[2m     \u001b[90m 46 |\u001b[39m   })\u001b[0m\u001b[22m\n\u001b[2m\u001b[22m\n\u001b[2m      \u001b[2mat Object.getElementError (\u001b[22m\u001b[2mnode_modules/@testing-library/dom/dist/config.js\u001b[2m:37:19)\u001b[22m\u001b[2m\u001b[22m\n\u001b[2m      \u001b[2mat \u001b[22m\u001b[2mnode_modules/@testing-library/dom/dist/query-helpers.js\u001b[2m:76:38\u001b[22m\u001b[2m\u001b[22m\n\u001b[2m      \u001b[2mat \u001b[22m\u001b[2mnode_modules/@testing-library/dom/dist/query-helpers.js\u001b[2m:52:17\u001b[22m\u001b[2m\u001b[22m\n\u001b[2m      \u001b[2mat \u001b[22m\u001b[2mnode_modules/@testing-library/dom/dist/query-helpers.js\u001b[2m:95:19\u001b[22m\u001b[2m\u001b[22m\n\u001b[2m      \u001b[2mat Object.getByText (\u001b[22m\u001b[2m\u001b[0m\u001b[36msrc/components/__tests__/theme-toggle.test.tsx\u001b[39m\u001b[0m\u001b[2m:43:28)\u001b[22m\u001b[2m\u001b[22m\n\n\u001b[1m\u001b[31m  \u001b[1m● \u001b[22m\u001b[1mThemeToggle Component › should call setTheme with \"dark\" when dark option is clicked\u001b[39m\u001b[22m\n\n    TestingLibraryElementError: Unable to find an element with the text: /(?:الوضع الداكن|dark)/i. This could be because the text is broken up by multiple elements. In this case, you can provide a function for your text matcher to make your matcher more flexible.\n\n    Ignored nodes: comments, script, style\n    \u001b[36m<body>\u001b[39m\n      \u001b[36m<div>\u001b[39m\n        \u001b[36m<button\u001b[39m\n          \u001b[33maria-expanded\u001b[39m=\u001b[32m\"false\"\u001b[39m\n          \u001b[33maria-haspopup\u001b[39m=\u001b[32m\"menu\"\u001b[39m\n          \u001b[33mclass\u001b[39m=\u001b[32m\"inline-flex items-center justify-center whitespace-nowrap text-sm font-medium ring-offset-background transition-colors focus-visible:outline-none focus-visible:ring-2 focus-visible:ring-ring focus-visible:ring-offset-2 disabled:pointer-events-none disabled:opacity-50 hover:bg-accent hover:text-accent-foreground h-9 w-9 relative rounded-full\"\u001b[39m\n          \u001b[33mdata-state\u001b[39m=\u001b[32m\"closed\"\u001b[39m\n          \u001b[33mid\u001b[39m=\u001b[32m\"radix-:r6:\"\u001b[39m\n          \u001b[33mtype\u001b[39m=\u001b[32m\"button\"\u001b[39m\n        \u001b[36m>\u001b[39m\n          \u001b[36m<svg\u001b[39m\n            \u001b[33maria-hidden\u001b[39m=\u001b[32m\"true\"\u001b[39m\n            \u001b[33mclass\u001b[39m=\u001b[32m\"lucide lucide-sun h-5 w-5 rotate-0 scale-100 transition-all dark:-rotate-90 dark:scale-0\"\u001b[39m\n            \u001b[33mfill\u001b[39m=\u001b[32m\"none\"\u001b[39m\n            \u001b[33mheight\u001b[39m=\u001b[32m\"24\"\u001b[39m\n            \u001b[33mstroke\u001b[39m=\u001b[32m\"currentColor\"\u001b[39m\n            \u001b[33mstroke-linecap\u001b[39m=\u001b[32m\"round\"\u001b[39m\n            \u001b[33mstroke-linejoin\u001b[39m=\u001b[32m\"round\"\u001b[39m\n            \u001b[33mstroke-width\u001b[39m=\u001b[32m\"2\"\u001b[39m\n            \u001b[33mviewBox\u001b[39m=\u001b[32m\"0 0 24 24\"\u001b[39m\n            \u001b[33mwidth\u001b[39m=\u001b[32m\"24\"\u001b[39m\n            \u001b[33mxmlns\u001b[39m=\u001b[32m\"http://www.w3.org/2000/svg\"\u001b[39m\n          \u001b[36m>\u001b[39m\n            \u001b[36m<circle\u001b[39m\n              \u001b[33mcx\u001b[39m=\u001b[32m\"12\"\u001b[39m\n              \u001b[33mcy\u001b[39m=\u001b[32m\"12\"\u001b[39m\n              \u001b[33mr\u001b[39m=\u001b[32m\"4\"\u001b[39m\n            \u001b[36m/>\u001b[39m\n            \u001b[36m<path\u001b[39m\n              \u001b[33md\u001b[39m=\u001b[32m\"M12 2v2\"\u001b[39m\n            \u001b[36m/>\u001b[39m\n            \u001b[36m<path\u001b[39m\n              \u001b[33md\u001b[39m=\u001b[32m\"M12 20v2\"\u001b[39m\n            \u001b[36m/>\u001b[39m\n            \u001b[36m<path\u001b[39m\n              \u001b[33md\u001b[39m=\u001b[32m\"m4.93 4.93 1.41 1.41\"\u001b[39m\n            \u001b[36m/>\u001b[39m\n            \u001b[36m<path\u001b[39m\n              \u001b[33md\u001b[39m=\u001b[32m\"m17.66 17.66 1.41 1.41\"\u001b[39m\n            \u001b[36m/>\u001b[39m\n            \u001b[36m<path\u001b[39m\n              \u001b[33md\u001b[39m=\u001b[32m\"M2 12h2\"\u001b[39m\n            \u001b[36m/>\u001b[39m\n            \u001b[36m<path\u001b[39m\n              \u001b[33md\u001b[39m=\u001b[32m\"M20 12h2\"\u001b[39m\n            \u001b[36m/>\u001b[39m\n            \u001b[36m<path\u001b[39m\n              \u001b[33md\u001b[39m=\u001b[32m\"m6.34 17.66-1.41 1.41\"\u001b[39m\n            \u001b[36m/>\u001b[39m\n            \u001b[36m<path\u001b[39m\n              \u001b[33md\u001b[39m=\u001b[32m\"m19.07 4.93-1.41 1.41\"\u001b[39m\n            \u001b[36m/>\u001b[39m\n          \u001b[36m</svg>\u001b[39m\n          \u001b[36m<svg\u001b[39m\n            \u001b[33maria-hidden\u001b[39m=\u001b[32m\"true\"\u001b[39m\n            \u001b[33mclass\u001b[39m=\u001b[32m\"lucide lucide-moon absolute h-5 w-5 rotate-90 scale-0 transition-all dark:rotate-0 dark:scale-100\"\u001b[39m\n            \u001b[33mfill\u001b[39m=\u001b[32m\"none\"\u001b[39m\n            \u001b[33mheight\u001b[39m=\u001b[32m\"24\"\u001b[39m\n            \u001b[33mstroke\u001b[39m=\u001b[32m\"currentColor\"\u001b[39m\n            \u001b[33mstroke-linecap\u001b[39m=\u001b[32m\"round\"\u001b[39m\n            \u001b[33mstroke-linejoin\u001b[39m=\u001b[32m\"round\"\u001b[39m\n            \u001b[33mstroke-width\u001b[39m=\u001b[32m\"2\"\u001b[39m\n            \u001b[33mviewBox\u001b[39m=\u001b[32m\"0 0 24 24\"\u001b[39m\n            \u001b[33mwidth\u001b[39m=\u001b[32m\"24\"\u001b[39m\n            \u001b[33mxmlns\u001b[39m=\u001b[32m\"http://www.w3.org/2000/svg\"\u001b[39m\n          \u001b[36m>\u001b[39m\n            \u001b[36m<path\u001b[39m\n              \u001b[33md\u001b[39m=\u001b[32m\"M20.985 12.486a9 9 0 1 1-9.473-9.472c.405-.022.617.46.402.803a6 6 0 0 0 8.268 8.268c.344-.215.825-.004.803.401\"\u001b[39m\n            \u001b[36m/>\u001b[39m\n          \u001b[36m</svg>\u001b[39m\n          \u001b[36m<span\u001b[39m\n            \u001b[33mclass\u001b[39m=\u001b[32m\"sr-only\"\u001b[39m\n          \u001b[36m>\u001b[39m\n            \u001b[0mتبديل السمة\u001b[0m\n          \u001b[36m</span>\u001b[39m\n        \u001b[36m</button>\u001b[39m\n      \u001b[36m</div>\u001b[39m\n    \u001b[36m</body>\u001b[39m\n\u001b[2m\u001b[22m\n\u001b[2m    \u001b[0m \u001b[90m 49 |\u001b[39m     render(\u001b[33m<\u001b[39m\u001b[33mThemeToggle\u001b[39m \u001b[33m/\u001b[39m\u001b[33m>\u001b[39m)\u001b[22m\n\u001b[2m     \u001b[90m 50 |\u001b[39m     fireEvent\u001b[33m.\u001b[39mclick(screen\u001b[33m.\u001b[39mgetByRole(\u001b[32m'button'\u001b[39m\u001b[33m,\u001b[39m { name\u001b[33m:\u001b[39m \u001b[35m/(?:تبديل السمة|toggle theme)/i\u001b[39m }))\u001b[22m\n\u001b[2m    \u001b[31m\u001b[1m>\u001b[22m\u001b[2m\u001b[39m\u001b[90m 51 |\u001b[39m     fireEvent\u001b[33m.\u001b[39mclick(screen\u001b[33m.\u001b[39mgetByText(\u001b[35m/(?:الوضع الداكن|dark)/i\u001b[39m))\u001b[22m\n\u001b[2m     \u001b[90m    |\u001b[39m                            \u001b[31m\u001b[1m^\u001b[22m\u001b[2m\u001b[39m\u001b[22m\n\u001b[2m     \u001b[90m 52 |\u001b[39m\u001b[22m\n\u001b[2m     \u001b[90m 53 |\u001b[39m     expect(setTheme)\u001b[33m.\u001b[39mtoHaveBeenCalledWith(\u001b[32m'dark'\u001b[39m)\u001b[22m\n\u001b[2m     \u001b[90m 54 |\u001b[39m   })\u001b[0m\u001b[22m\n\u001b[2m\u001b[22m\n\u001b[2m      \u001b[2mat Object.getElementError (\u001b[22m\u001b[2mnode_modules/@testing-library/dom/dist/config.js\u001b[2m:37:19)\u001b[22m\u001b[2m\u001b[22m\n\u001b[2m      \u001b[2mat \u001b[22m\u001b[2mnode_modules/@testing-library/dom/dist/query-helpers.js\u001b[2m:76:38\u001b[22m\u001b[2m\u001b[22m\n\u001b[2m      \u001b[2mat \u001b[22m\u001b[2mnode_modules/@testing-library/dom/dist/query-helpers.js\u001b[2m:52:17\u001b[22m\u001b[2m\u001b[22m\n\u001b[2m      \u001b[2mat \u001b[22m\u001b[2mnode_modules/@testing-library/dom/dist/query-helpers.js\u001b[2m:95:19\u001b[22m\u001b[2m\u001b[22m\n\u001b[2m      \u001b[2mat Object.getByText (\u001b[22m\u001b[2m\u001b[0m\u001b[36msrc/components/__tests__/theme-toggle.test.tsx\u001b[39m\u001b[0m\u001b[2m:51:28)\u001b[22m\u001b[2m\u001b[22m\n\n\u001b[1m\u001b[31m  \u001b[1m● \u001b[22m\u001b[1mThemeToggle Component › should call setTheme with \"system\" when system option is clicked\u001b[39m\u001b[22m\n\n    TestingLibraryElementError: Unable to find an element with the text: /(?:نظام الجهاز|system)/i. This could be because the text is broken up by multiple elements. In this case, you can provide a function for your text matcher to make your matcher more flexible.\n\n    Ignored nodes: comments, script, style\n    \u001b[36m<body>\u001b[39m\n      \u001b[36m<div>\u001b[39m\n        \u001b[36m<button\u001b[39m\n          \u001b[33maria-expanded\u001b[39m=\u001b[32m\"false\"\u001b[39m\n          \u001b[33maria-haspopup\u001b[39m=\u001b[32m\"menu\"\u001b[39m\n          \u001b[33mclass\u001b[39m=\u001b[32m\"inline-flex items-center justify-center whitespace-nowrap text-sm font-medium ring-offset-background transition-colors focus-visible:outline-none focus-visible:ring-2 focus-visible:ring-ring focus-visible:ring-offset-2 disabled:pointer-events-none disabled:opacity-50 hover:bg-accent hover:text-accent-foreground h-9 w-9 relative rounded-full\"\u001b[39m\n          \u001b[33mdata-state\u001b[39m=\u001b[32m\"closed\"\u001b[39m\n          \u001b[33mid\u001b[39m=\u001b[32m\"radix-:r8:\"\u001b[39m\n          \u001b[33mtype\u001b[39m=\u001b[32m\"button\"\u001b[39m\n        \u001b[36m>\u001b[39m\n          \u001b[36m<svg\u001b[39m\n            \u001b[33maria-hidden\u001b[39m=\u001b[32m\"true\"\u001b[39m\n            \u001b[33mclass\u001b[39m=\u001b[32m\"lucide lucide-sun h-5 w-5 rotate-0 scale-100 transition-all dark:-rotate-90 dark:scale-0\"\u001b[39m\n            \u001b[33mfill\u001b[39m=\u001b[32m\"none\"\u001b[39m\n            \u001b[33mheight\u001b[39m=\u001b[32m\"24\"\u001b[39m\n            \u001b[33mstroke\u001b[39m=\u001b[32m\"currentColor\"\u001b[39m\n            \u001b[33mstroke-linecap\u001b[39m=\u001b[32m\"round\"\u001b[39m\n            \u001b[33mstroke-linejoin\u001b[39m=\u001b[32m\"round\"\u001b[39m\n            \u001b[33mstroke-width\u001b[39m=\u001b[32m\"2\"\u001b[39m\n            \u001b[33mviewBox\u001b[39m=\u001b[32m\"0 0 24 24\"\u001b[39m\n            \u001b[33mwidth\u001b[39m=\u001b[32m\"24\"\u001b[39m\n            \u001b[33mxmlns\u001b[39m=\u001b[32m\"http://www.w3.org/2000/svg\"\u001b[39m\n          \u001b[36m>\u001b[39m\n            \u001b[36m<circle\u001b[39m\n              \u001b[33mcx\u001b[39m=\u001b[32m\"12\"\u001b[39m\n              \u001b[33mcy\u001b[39m=\u001b[32m\"12\"\u001b[39m\n              \u001b[33mr\u001b[39m=\u001b[32m\"4\"\u001b[39m\n            \u001b[36m/>\u001b[39m\n            \u001b[36m<path\u001b[39m\n              \u001b[33md\u001b[39m=\u001b[32m\"M12 2v2\"\u001b[39m\n            \u001b[36m/>\u001b[39m\n            \u001b[36m<path\u001b[39m\n              \u001b[33md\u001b[39m=\u001b[32m\"M12 20v2\"\u001b[39m\n            \u001b[36m/>\u001b[39m\n            \u001b[36m<path\u001b[39m\n              \u001b[33md\u001b[39m=\u001b[32m\"m4.93 4.93 1.41 1.41\"\u001b[39m\n            \u001b[36m/>\u001b[39m\n            \u001b[36m<path\u001b[39m\n              \u001b[33md\u001b[39m=\u001b[32m\"m17.66 17.66 1.41 1.41\"\u001b[39m\n            \u001b[36m/>\u001b[39m\n            \u001b[36m<path\u001b[39m\n              \u001b[33md\u001b[39m=\u001b[32m\"M2 12h2\"\u001b[39m\n            \u001b[36m/>\u001b[39m\n            \u001b[36m<path\u001b[39m\n              \u001b[33md\u001b[39m=\u001b[32m\"M20 12h2\"\u001b[39m\n            \u001b[36m/>\u001b[39m\n            \u001b[36m<path\u001b[39m\n              \u001b[33md\u001b[39m=\u001b[32m\"m6.34 17.66-1.41 1.41\"\u001b[39m\n            \u001b[36m/>\u001b[39m\n            \u001b[36m<path\u001b[39m\n              \u001b[33md\u001b[39m=\u001b[32m\"m19.07 4.93-1.41 1.41\"\u001b[39m\n            \u001b[36m/>\u001b[39m\n          \u001b[36m</svg>\u001b[39m\n          \u001b[36m<svg\u001b[39m\n            \u001b[33maria-hidden\u001b[39m=\u001b[32m\"true\"\u001b[39m\n            \u001b[33mclass\u001b[39m=\u001b[32m\"lucide lucide-moon absolute h-5 w-5 rotate-90 scale-0 transition-all dark:rotate-0 dark:scale-100\"\u001b[39m\n            \u001b[33mfill\u001b[39m=\u001b[32m\"none\"\u001b[39m\n            \u001b[33mheight\u001b[39m=\u001b[32m\"24\"\u001b[39m\n            \u001b[33mstroke\u001b[39m=\u001b[32m\"currentColor\"\u001b[39m\n            \u001b[33mstroke-linecap\u001b[39m=\u001b[32m\"round\"\u001b[39m\n            \u001b[33mstroke-linejoin\u001b[39m=\u001b[32m\"round\"\u001b[39m\n            \u001b[33mstroke-width\u001b[39m=\u001b[32m\"2\"\u001b[39m\n            \u001b[33mviewBox\u001b[39m=\u001b[32m\"0 0 24 24\"\u001b[39m\n            \u001b[33mwidth\u001b[39m=\u001b[32m\"24\"\u001b[39m\n            \u001b[33mxmlns\u001b[39m=\u001b[32m\"http://www.w3.org/2000/svg\"\u001b[39m\n          \u001b[36m>\u001b[39m\n            \u001b[36m<path\u001b[39m\n              \u001b[33md\u001b[39m=\u001b[32m\"M20.985 12.486a9 9 0 1 1-9.473-9.472c.405-.022.617.46.402.803a6 6 0 0 0 8.268 8.268c.344-.215.825-.004.803.401\"\u001b[39m\n            \u001b[36m/>\u001b[39m\n          \u001b[36m</svg>\u001b[39m\n          \u001b[36m<span\u001b[39m\n            \u001b[33mclass\u001b[39m=\u001b[32m\"sr-only\"\u001b[39m\n          \u001b[36m>\u001b[39m\n            \u001b[0mتبديل السمة\u001b[0m\n          \u001b[36m</span>\u001b[39m\n        \u001b[36m</button>\u001b[39m\n      \u001b[36m</div>\u001b[39m\n    \u001b[36m</body>\u001b[39m\n\u001b[2m\u001b[22m\n\u001b[2m    \u001b[0m \u001b[90m 57 |\u001b[39m     render(\u001b[33m<\u001b[39m\u001b[33mThemeToggle\u001b[39m \u001b[33m/\u001b[39m\u001b[33m>\u001b[39m)\u001b[22m\n\u001b[2m     \u001b[90m 58 |\u001b[39m     fireEvent\u001b[33m.\u001b[39mclick(screen\u001b[33m.\u001b[39mgetByRole(\u001b[32m'button'\u001b[39m\u001b[33m,\u001b[39m { name\u001b[33m:\u001b[39m \u001b[35m/(?:تبديل السمة|toggle theme)/i\u001b[39m }))\u001b[22m\n\u001b[2m    \u001b[31m\u001b[1m>\u001b[22m\u001b[2m\u001b[39m\u001b[90m 59 |\u001b[39m     fireEvent\u001b[33m.\u001b[39mclick(screen\u001b[33m.\u001b[39mgetByText(\u001b[35m/(?:نظام الجهاز|system)/i\u001b[39m))\u001b[22m\n\u001b[2m     \u001b[90m    |\u001b[39m                            \u001b[31m\u001b[1m^\u001b[22m\u001b[2m\u001b[39m\u001b[22m\n\u001b[2m     \u001b[90m 60 |\u001b[39m\u001b[22m\n\u001b[2m     \u001b[90m 61 |\u001b[39m     expect(setTheme)\u001b[33m.\u001b[39mtoHaveBeenCalledWith(\u001b[32m'system'\u001b[39m)\u001b[22m\n\u001b[2m     \u001b[90m 62 |\u001b[39m   })\u001b[0m\u001b[22m\n\u001b[2m\u001b[22m\n\u001b[2m      \u001b[2mat Object.getElementError (\u001b[22m\u001b[2mnode_modules/@testing-library/dom/dist/config.js\u001b[2m:37:19)\u001b[22m\u001b[2m\u001b[22m\n\u001b[2m      \u001b[2mat \u001b[22m\u001b[2mnode_modules/@testing-library/dom/dist/query-helpers.js\u001b[2m:76:38\u001b[22m\u001b[2m\u001b[22m\n\u001b[2m      \u001b[2mat \u001b[22m\u001b[2mnode_modules/@testing-library/dom/dist/query-helpers.js\u001b[2m:52:17\u001b[22m\u001b[2m\u001b[22m\n\u001b[2m      \u001b[2mat \u001b[22m\u001b[2mnode_modules/@testing-library/dom/dist/query-helpers.js\u001b[2m:95:19\u001b[22m\u001b[2m\u001b[22m\n\u001b[2m      \u001b[2mat Object.getByText (\u001b[22m\u001b[2m\u001b[0m\u001b[36msrc/components/__tests__/theme-toggle.test.tsx\u001b[39m\u001b[0m\u001b[2m:59:28)\u001b[22m\u001b[2m\u001b[22m\n","name":"C:\\Users\\main\\CascadeProjects\\shopixo\\src\\components\\__tests__\\theme-toggle.test.tsx","startTime":1757643747115,"status":"failed","summary":""},{"assertionResults":[{"ancestorTitles":["Logo Component"],"duration":46,"failing":false,"failureDetails":[],"failureMessages":[],"fullName":"Logo Component should render the logo text","invocations":1,"location":null,"numPassingAsserts":1,"retryReasons":[],"startAt":1757643750715,"status":"passed","title":"should render the logo text"},{"ancestorTitles":["Logo Component"],"duration":54,"failing":false,"failureDetails":[],"failureMessages":[],"fullName":"Logo Component should link to the homepage","invocations":1,"location":null,"numPassingAsserts":1,"retryReasons":[],"startAt":1757643750762,"status":"passed","title":"should link to the homepage"}],"endTime":1757643750817,"message":"","name":"C:\\Users\\main\\CascadeProjects\\shopixo\\src\\components\\__tests__\\logo.test.tsx","startTime":1757643749808,"status":"passed","summary":""}],"wasInterrupted":false}
